0 info it worked if it ends with ok
1 verbose cli [ 'C:\\Program Files\\nodejs\\node.exe',
1 verbose cli   'C:\\Program Files\\nodejs\\node_modules\\npm\\bin\\npm-cli.js',
1 verbose cli   'install',
1 verbose cli   'bcrypt' ]
2 info using npm@2.15.1
3 info using node@v4.4.4
4 verbose install initial load of C:\Users\olive\Documents\Learning\NodeJs (udemy) 10 projects\Code\nodeauth\package.json
5 verbose installManyTop reading scoped package data from C:\Users\olive\Documents\Learning\NodeJs (udemy) 10 projects\Code\nodeauth\node_modules\body-parser\package.json
6 verbose installManyTop reading scoped package data from C:\Users\olive\Documents\Learning\NodeJs (udemy) 10 projects\Code\nodeauth\node_modules\connect-flash\package.json
7 verbose installManyTop reading scoped package data from C:\Users\olive\Documents\Learning\NodeJs (udemy) 10 projects\Code\nodeauth\node_modules\cookie-parser\package.json
8 verbose installManyTop reading scoped package data from C:\Users\olive\Documents\Learning\NodeJs (udemy) 10 projects\Code\nodeauth\node_modules\debug\package.json
9 verbose installManyTop reading scoped package data from C:\Users\olive\Documents\Learning\NodeJs (udemy) 10 projects\Code\nodeauth\node_modules\express\package.json
10 verbose installManyTop reading scoped package data from C:\Users\olive\Documents\Learning\NodeJs (udemy) 10 projects\Code\nodeauth\node_modules\express-messages\package.json
11 verbose installManyTop reading scoped package data from C:\Users\olive\Documents\Learning\NodeJs (udemy) 10 projects\Code\nodeauth\node_modules\express-session\package.json
12 verbose installManyTop reading scoped package data from C:\Users\olive\Documents\Learning\NodeJs (udemy) 10 projects\Code\nodeauth\node_modules\express-validator\package.json
13 verbose installManyTop reading scoped package data from C:\Users\olive\Documents\Learning\NodeJs (udemy) 10 projects\Code\nodeauth\node_modules\jade\package.json
14 verbose installManyTop reading scoped package data from C:\Users\olive\Documents\Learning\NodeJs (udemy) 10 projects\Code\nodeauth\node_modules\mongodb\package.json
15 verbose installManyTop reading scoped package data from C:\Users\olive\Documents\Learning\NodeJs (udemy) 10 projects\Code\nodeauth\node_modules\mongoose\package.json
16 verbose installManyTop reading scoped package data from C:\Users\olive\Documents\Learning\NodeJs (udemy) 10 projects\Code\nodeauth\node_modules\morgan\package.json
17 verbose installManyTop reading scoped package data from C:\Users\olive\Documents\Learning\NodeJs (udemy) 10 projects\Code\nodeauth\node_modules\multer\package.json
18 verbose installManyTop reading scoped package data from C:\Users\olive\Documents\Learning\NodeJs (udemy) 10 projects\Code\nodeauth\node_modules\passport\package.json
19 verbose installManyTop reading scoped package data from C:\Users\olive\Documents\Learning\NodeJs (udemy) 10 projects\Code\nodeauth\node_modules\passport-http\package.json
20 verbose installManyTop reading scoped package data from C:\Users\olive\Documents\Learning\NodeJs (udemy) 10 projects\Code\nodeauth\node_modules\passport-local\package.json
21 verbose installManyTop reading scoped package data from C:\Users\olive\Documents\Learning\NodeJs (udemy) 10 projects\Code\nodeauth\node_modules\serve-favicon\package.json
22 info package.json passport@0.3.2 No README data
23 info package.json express-messages@1.0.1 No license field.
24 info package.json connect-flash@0.1.1 No license field.
25 info package.json passport-http@0.3.0 No license field.
26 info package.json passport-local@1.0.0 No license field.
27 verbose readDependencies loading dependencies from C:\Users\olive\Documents\Learning\NodeJs (udemy) 10 projects\Code\nodeauth\package.json
28 silly cache add args [ 'bcrypt', null ]
29 verbose cache add spec bcrypt
30 silly cache add parsed spec Result {
30 silly cache add   raw: 'bcrypt',
30 silly cache add   scope: null,
30 silly cache add   name: 'bcrypt',
30 silly cache add   rawSpec: '',
30 silly cache add   spec: 'latest',
30 silly cache add   type: 'tag' }
31 silly addNamed bcrypt@latest
32 verbose addNamed "latest" is being treated as a dist-tag for bcrypt
33 info addNameTag [ 'bcrypt', 'latest' ]
34 silly mapToRegistry name bcrypt
35 silly mapToRegistry using default registry
36 silly mapToRegistry registry https://registry.npmjs.org/
37 silly mapToRegistry data Result {
37 silly mapToRegistry   raw: 'bcrypt',
37 silly mapToRegistry   scope: null,
37 silly mapToRegistry   name: 'bcrypt',
37 silly mapToRegistry   rawSpec: '',
37 silly mapToRegistry   spec: 'latest',
37 silly mapToRegistry   type: 'tag' }
38 silly mapToRegistry uri https://registry.npmjs.org/bcrypt
39 verbose addNameTag registry:https://registry.npmjs.org/bcrypt not in flight; fetching
40 verbose request uri https://registry.npmjs.org/bcrypt
41 verbose request no auth needed
42 info attempt registry request try #1 at 22:43:50
43 verbose request id 80beffce3bf71746
44 verbose etag "A04SXZMPP6TAS3UL36OMDCLNL"
45 http request GET https://registry.npmjs.org/bcrypt
46 http 304 https://registry.npmjs.org/bcrypt
47 verbose headers { date: 'Sat, 28 May 2016 01:43:51 GMT',
47 verbose headers   via: '1.1 varnish',
47 verbose headers   'cache-control': 'max-age=300',
47 verbose headers   etag: '"A04SXZMPP6TAS3UL36OMDCLNL"',
47 verbose headers   age: '157',
47 verbose headers   connection: 'keep-alive',
47 verbose headers   'x-served-by': 'cache-jfk1044-JFK',
47 verbose headers   'x-cache': 'HIT',
47 verbose headers   'x-cache-hits': '1',
47 verbose headers   'x-timer': 'S1464399831.326271,VS0,VE0',
47 verbose headers   vary: 'Accept-Encoding' }
48 silly get cb [ 304,
48 silly get   { date: 'Sat, 28 May 2016 01:43:51 GMT',
48 silly get     via: '1.1 varnish',
48 silly get     'cache-control': 'max-age=300',
48 silly get     etag: '"A04SXZMPP6TAS3UL36OMDCLNL"',
48 silly get     age: '157',
48 silly get     connection: 'keep-alive',
48 silly get     'x-served-by': 'cache-jfk1044-JFK',
48 silly get     'x-cache': 'HIT',
48 silly get     'x-cache-hits': '1',
48 silly get     'x-timer': 'S1464399831.326271,VS0,VE0',
48 silly get     vary: 'Accept-Encoding' } ]
49 verbose etag https://registry.npmjs.org/bcrypt from cache
50 verbose get saving bcrypt to C:\Users\olive\AppData\Roaming\npm-cache\registry.npmjs.org\bcrypt\.cache.json
51 verbose correctMkdir C:\Users\olive\AppData\Roaming\npm-cache correctMkdir not in flight; initializing
52 silly addNameTag next cb for bcrypt with tag latest
53 silly addNamed bcrypt@0.8.6
54 verbose addNamed "0.8.6" is a plain semver version for bcrypt
55 silly cache afterAdd bcrypt@0.8.6
56 verbose afterAdd C:\Users\olive\AppData\Roaming\npm-cache\bcrypt\0.8.6\package\package.json not in flight; writing
57 verbose correctMkdir C:\Users\olive\AppData\Roaming\npm-cache correctMkdir not in flight; initializing
58 verbose afterAdd C:\Users\olive\AppData\Roaming\npm-cache\bcrypt\0.8.6\package\package.json written
59 silly install resolved [ { name: 'bcrypt',
59 silly install resolved     description: 'A bcrypt library for NodeJS.',
59 silly install resolved     keywords:
59 silly install resolved      [ 'bcrypt',
59 silly install resolved        'password',
59 silly install resolved        'auth',
59 silly install resolved        'authentication',
59 silly install resolved        'encryption',
59 silly install resolved        'crypt',
59 silly install resolved        'crypto' ],
59 silly install resolved     main: './bcrypt',
59 silly install resolved     version: '0.8.6',
59 silly install resolved     author: { name: 'Nick Campbell', url: 'https://github.com/ncb000gt' },
59 silly install resolved     engines: { node: '>= 0.6.0' },
59 silly install resolved     repository:
59 silly install resolved      { type: 'git',
59 silly install resolved        url: 'git+https://github.com/ncb000gt/node.bcrypt.js.git' },
59 silly install resolved     license: 'MIT',
59 silly install resolved     bugs: { url: 'https://github.com/ncb000gt/node.bcrypt.js/issues' },
59 silly install resolved     scripts:
59 silly install resolved      { test: 'node-gyp configure build && nodeunit test',
59 silly install resolved        install: 'node-gyp rebuild' },
59 silly install resolved     dependencies: { bindings: '1.2.1', nan: '2.2.1' },
59 silly install resolved     devDependencies: { nodeunit: '~0.9.1' },
59 silly install resolved     contributors:
59 silly install resolved      [ [Object],
59 silly install resolved        [Object],
59 silly install resolved        [Object],
59 silly install resolved        [Object],
59 silly install resolved        [Object],
59 silly install resolved        [Object],
59 silly install resolved        [Object],
59 silly install resolved        [Object],
59 silly install resolved        [Object],
59 silly install resolved        [Object],
59 silly install resolved        [Object],
59 silly install resolved        [Object],
59 silly install resolved        [Object],
59 silly install resolved        [Object] ],
59 silly install resolved     gypfile: true,
59 silly install resolved     gitHead: '10f0f99232cea96446e95bf128f718b87aec3237',
59 silly install resolved     homepage: 'https://github.com/ncb000gt/node.bcrypt.js#readme',
59 silly install resolved     _id: 'bcrypt@0.8.6',
59 silly install resolved     _shasum: '182164f7d5e1de94ddd797473efd48b57b1f04b4',
59 silly install resolved     _from: 'bcrypt@latest',
59 silly install resolved     _npmVersion: '3.8.3',
59 silly install resolved     _nodeVersion: '5.10.1',
59 silly install resolved     _npmUser: { name: 'defunctzombie', email: 'shtylman@gmail.com' },
59 silly install resolved     dist:
59 silly install resolved      { shasum: '182164f7d5e1de94ddd797473efd48b57b1f04b4',
59 silly install resolved        tarball: 'https://registry.npmjs.org/bcrypt/-/bcrypt-0.8.6.tgz' },
59 silly install resolved     maintainers: [ [Object], [Object], [Object], [Object] ],
59 silly install resolved     _npmOperationalInternal:
59 silly install resolved      { host: 'packages-12-west.internal.npmjs.com',
59 silly install resolved        tmp: 'tmp/bcrypt-0.8.6.tgz_1461200578042_0.6844706872943789' },
59 silly install resolved     directories: {},
59 silly install resolved     _resolved: 'https://registry.npmjs.org/bcrypt/-/bcrypt-0.8.6.tgz',
59 silly install resolved     readme: 'ERROR: No README data found!' } ]
60 info install bcrypt@0.8.6 into C:\Users\olive\Documents\Learning\NodeJs (udemy) 10 projects\Code\nodeauth
61 info installOne bcrypt@0.8.6
62 verbose installOne of bcrypt to C:\Users\olive\Documents\Learning\NodeJs (udemy) 10 projects\Code\nodeauth not in flight; installing
63 verbose correctMkdir C:\Users\olive\AppData\Roaming\npm-cache\_locks correctMkdir not in flight; initializing
64 verbose lock using C:\Users\olive\AppData\Roaming\npm-cache\_locks\bcrypt-dffd576fca374788.lock for C:\Users\olive\Documents\Learning\NodeJs (udemy) 10 projects\Code\nodeauth\node_modules\bcrypt
65 silly install write writing bcrypt 0.8.6 to C:\Users\olive\Documents\Learning\NodeJs (udemy) 10 projects\Code\nodeauth\node_modules\bcrypt
66 verbose unbuild node_modules\bcrypt
67 silly gentlyRm C:\Users\olive\Documents\Learning\NodeJs (udemy) 10 projects\Code\nodeauth\node_modules\bcrypt is being purged from base C:\Users\olive\Documents\Learning\NodeJs (udemy) 10 projects\Code\nodeauth
68 verbose gentlyRm don't care about contents; nuking C:\Users\olive\Documents\Learning\NodeJs (udemy) 10 projects\Code\nodeauth\node_modules\bcrypt
69 verbose tar unpack C:\Users\olive\AppData\Roaming\npm-cache\bcrypt\0.8.6\package.tgz
70 verbose tar unpacking to C:\Users\olive\Documents\Learning\NodeJs (udemy) 10 projects\Code\nodeauth\node_modules\bcrypt
71 silly gentlyRm C:\Users\olive\Documents\Learning\NodeJs (udemy) 10 projects\Code\nodeauth\node_modules\bcrypt is being purged
72 verbose gentlyRm don't care about contents; nuking C:\Users\olive\Documents\Learning\NodeJs (udemy) 10 projects\Code\nodeauth\node_modules\bcrypt
73 silly gunzTarPerm modes [ '777', '666' ]
74 silly gunzTarPerm extractEntry package.json
75 silly gunzTarPerm modified mode [ 'package.json', 420, 438 ]
76 silly gunzTarPerm extractEntry .npmignore
77 silly gunzTarPerm modified mode [ '.npmignore', 420, 438 ]
78 silly gunzTarPerm extractEntry README.md
79 silly gunzTarPerm modified mode [ 'README.md', 420, 438 ]
80 silly gunzTarPerm extractEntry LICENSE
81 silly gunzTarPerm modified mode [ 'LICENSE', 420, 438 ]
82 silly gunzTarPerm extractEntry bcrypt.js
83 silly gunzTarPerm modified mode [ 'bcrypt.js', 420, 438 ]
84 silly gunzTarPerm extractEntry Makefile
85 silly gunzTarPerm modified mode [ 'Makefile', 420, 438 ]
86 silly gunzTarPerm extractEntry .travis.yml
87 silly gunzTarPerm modified mode [ '.travis.yml', 420, 438 ]
88 silly gunzTarPerm extractEntry CHANGELOG.md
89 silly gunzTarPerm modified mode [ 'CHANGELOG.md', 420, 438 ]
90 silly gunzTarPerm extractEntry binding.gyp
91 silly gunzTarPerm modified mode [ 'binding.gyp', 420, 438 ]
92 silly gunzTarPerm extractEntry examples/async_compare.js
93 silly gunzTarPerm modified mode [ 'examples/async_compare.js', 420, 438 ]
94 silly gunzTarPerm extractEntry examples/forever_gen_salt.js
95 silly gunzTarPerm modified mode [ 'examples/forever_gen_salt.js', 420, 438 ]
96 silly gunzTarPerm extractEntry test/async.js
97 silly gunzTarPerm modified mode [ 'test/async.js', 420, 438 ]
98 silly gunzTarPerm extractEntry test/repetitions.js
99 silly gunzTarPerm modified mode [ 'test/repetitions.js', 420, 438 ]
100 silly gunzTarPerm extractEntry test/sync.js
101 silly gunzTarPerm modified mode [ 'test/sync.js', 420, 438 ]
102 silly gunzTarPerm extractEntry src/bcrypt.cc
103 silly gunzTarPerm modified mode [ 'src/bcrypt.cc', 420, 438 ]
104 silly gunzTarPerm extractEntry src/bcrypt_node.cc
105 silly gunzTarPerm modified mode [ 'src/bcrypt_node.cc', 420, 438 ]
106 silly gunzTarPerm extractEntry src/blowfish.cc
107 silly gunzTarPerm modified mode [ 'src/blowfish.cc', 420, 438 ]
108 silly gunzTarPerm extractEntry src/node_blf.h
109 silly gunzTarPerm modified mode [ 'src/node_blf.h', 420, 438 ]
110 silly gunzTarPerm extractEntry werker.yml
111 silly gunzTarPerm modified mode [ 'werker.yml', 420, 438 ]
112 verbose write writing to C:\Users\olive\Documents\Learning\NodeJs (udemy) 10 projects\Code\nodeauth\node_modules\bcrypt\package.json
113 info preinstall bcrypt@0.8.6
114 verbose readDependencies loading dependencies from C:\Users\olive\Documents\Learning\NodeJs (udemy) 10 projects\Code\nodeauth\node_modules\bcrypt\package.json
115 silly prepareForInstallMany adding bindings@1.2.1 from bcrypt dependencies
116 silly prepareForInstallMany adding nan@2.2.1 from bcrypt dependencies
117 verbose readDependencies loading dependencies from C:\Users\olive\Documents\Learning\NodeJs (udemy) 10 projects\Code\nodeauth\node_modules\bcrypt\package.json
118 silly cache add args [ 'bindings@1.2.1', null ]
119 verbose cache add spec bindings@1.2.1
120 silly cache add args [ 'nan@2.2.1', null ]
121 verbose cache add spec nan@2.2.1
122 silly cache add parsed spec Result {
122 silly cache add   raw: 'bindings@1.2.1',
122 silly cache add   scope: null,
122 silly cache add   name: 'bindings',
122 silly cache add   rawSpec: '1.2.1',
122 silly cache add   spec: '1.2.1',
122 silly cache add   type: 'version' }
123 silly addNamed bindings@1.2.1
124 verbose addNamed "1.2.1" is a plain semver version for bindings
125 silly mapToRegistry name bindings
126 silly mapToRegistry using default registry
127 silly mapToRegistry registry https://registry.npmjs.org/
128 silly mapToRegistry data Result {
128 silly mapToRegistry   raw: 'bindings',
128 silly mapToRegistry   scope: null,
128 silly mapToRegistry   name: 'bindings',
128 silly mapToRegistry   rawSpec: '',
128 silly mapToRegistry   spec: 'latest',
128 silly mapToRegistry   type: 'tag' }
129 silly mapToRegistry uri https://registry.npmjs.org/bindings
130 verbose addNameVersion registry:https://registry.npmjs.org/bindings not in flight; fetching
131 silly cache add parsed spec Result {
131 silly cache add   raw: 'nan@2.2.1',
131 silly cache add   scope: null,
131 silly cache add   name: 'nan',
131 silly cache add   rawSpec: '2.2.1',
131 silly cache add   spec: '2.2.1',
131 silly cache add   type: 'version' }
132 silly addNamed nan@2.2.1
133 verbose addNamed "2.2.1" is a plain semver version for nan
134 silly mapToRegistry name nan
135 silly mapToRegistry using default registry
136 silly mapToRegistry registry https://registry.npmjs.org/
137 silly mapToRegistry data Result {
137 silly mapToRegistry   raw: 'nan',
137 silly mapToRegistry   scope: null,
137 silly mapToRegistry   name: 'nan',
137 silly mapToRegistry   rawSpec: '',
137 silly mapToRegistry   spec: 'latest',
137 silly mapToRegistry   type: 'tag' }
138 silly mapToRegistry uri https://registry.npmjs.org/nan
139 verbose addNameVersion registry:https://registry.npmjs.org/nan not in flight; fetching
140 verbose request uri https://registry.npmjs.org/bindings
141 verbose request no auth needed
142 info attempt registry request try #1 at 22:43:53
143 verbose etag "5MNVCWCD1NYN71LZKTD8QDCME"
144 http request GET https://registry.npmjs.org/bindings
145 verbose request uri https://registry.npmjs.org/nan
146 verbose request no auth needed
147 info attempt registry request try #1 at 22:43:53
148 verbose etag "24B26O57Z0ASCDVIYEYKA8KVW"
149 http request GET https://registry.npmjs.org/nan
150 http 304 https://registry.npmjs.org/bindings
151 verbose headers { date: 'Sat, 28 May 2016 01:43:51 GMT',
151 verbose headers   via: '1.1 varnish',
151 verbose headers   'cache-control': 'max-age=300',
151 verbose headers   etag: '"5MNVCWCD1NYN71LZKTD8QDCME"',
151 verbose headers   age: '8',
151 verbose headers   connection: 'keep-alive',
151 verbose headers   'x-served-by': 'cache-jfk1044-JFK',
151 verbose headers   'x-cache': 'HIT',
151 verbose headers   'x-cache-hits': '1',
151 verbose headers   'x-timer': 'S1464399831.838398,VS0,VE0',
151 verbose headers   vary: 'Accept-Encoding' }
152 silly get cb [ 304,
152 silly get   { date: 'Sat, 28 May 2016 01:43:51 GMT',
152 silly get     via: '1.1 varnish',
152 silly get     'cache-control': 'max-age=300',
152 silly get     etag: '"5MNVCWCD1NYN71LZKTD8QDCME"',
152 silly get     age: '8',
152 silly get     connection: 'keep-alive',
152 silly get     'x-served-by': 'cache-jfk1044-JFK',
152 silly get     'x-cache': 'HIT',
152 silly get     'x-cache-hits': '1',
152 silly get     'x-timer': 'S1464399831.838398,VS0,VE0',
152 silly get     vary: 'Accept-Encoding' } ]
153 verbose etag https://registry.npmjs.org/bindings from cache
154 verbose get saving bindings to C:\Users\olive\AppData\Roaming\npm-cache\registry.npmjs.org\bindings\.cache.json
155 verbose correctMkdir C:\Users\olive\AppData\Roaming\npm-cache correctMkdir not in flight; initializing
156 silly cache afterAdd bindings@1.2.1
157 verbose afterAdd C:\Users\olive\AppData\Roaming\npm-cache\bindings\1.2.1\package\package.json not in flight; writing
158 verbose correctMkdir C:\Users\olive\AppData\Roaming\npm-cache correctMkdir not in flight; initializing
159 verbose afterAdd C:\Users\olive\AppData\Roaming\npm-cache\bindings\1.2.1\package\package.json written
160 http 304 https://registry.npmjs.org/nan
161 verbose headers { date: 'Sat, 28 May 2016 01:43:52 GMT',
161 verbose headers   via: '1.1 varnish',
161 verbose headers   'cache-control': 'max-age=300',
161 verbose headers   etag: '"24B26O57Z0ASCDVIYEYKA8KVW"',
161 verbose headers   age: '163',
161 verbose headers   connection: 'keep-alive',
161 verbose headers   'x-served-by': 'cache-jfk1040-JFK',
161 verbose headers   'x-cache': 'HIT',
161 verbose headers   'x-cache-hits': '5',
161 verbose headers   'x-timer': 'S1464399832.254390,VS0,VE0',
161 verbose headers   vary: 'Accept-Encoding' }
162 silly get cb [ 304,
162 silly get   { date: 'Sat, 28 May 2016 01:43:52 GMT',
162 silly get     via: '1.1 varnish',
162 silly get     'cache-control': 'max-age=300',
162 silly get     etag: '"24B26O57Z0ASCDVIYEYKA8KVW"',
162 silly get     age: '163',
162 silly get     connection: 'keep-alive',
162 silly get     'x-served-by': 'cache-jfk1040-JFK',
162 silly get     'x-cache': 'HIT',
162 silly get     'x-cache-hits': '5',
162 silly get     'x-timer': 'S1464399832.254390,VS0,VE0',
162 silly get     vary: 'Accept-Encoding' } ]
163 verbose etag https://registry.npmjs.org/nan from cache
164 verbose get saving nan to C:\Users\olive\AppData\Roaming\npm-cache\registry.npmjs.org\nan\.cache.json
165 verbose correctMkdir C:\Users\olive\AppData\Roaming\npm-cache correctMkdir not in flight; initializing
166 silly cache afterAdd nan@2.2.1
167 verbose afterAdd C:\Users\olive\AppData\Roaming\npm-cache\nan\2.2.1\package\package.json not in flight; writing
168 verbose correctMkdir C:\Users\olive\AppData\Roaming\npm-cache correctMkdir not in flight; initializing
169 verbose afterAdd C:\Users\olive\AppData\Roaming\npm-cache\nan\2.2.1\package\package.json written
170 silly install resolved [ { name: 'bindings',
170 silly install resolved     description: 'Helper module for loading your native module\'s .node file',
170 silly install resolved     keywords: [ 'native', 'addon', 'bindings', 'gyp', 'waf', 'c', 'c++' ],
170 silly install resolved     version: '1.2.1',
170 silly install resolved     author:
170 silly install resolved      { name: 'Nathan Rajlich',
170 silly install resolved        email: 'nathan@tootallnate.net',
170 silly install resolved        url: 'http://tootallnate.net' },
170 silly install resolved     repository:
170 silly install resolved      { type: 'git',
170 silly install resolved        url: 'git://github.com/TooTallNate/node-bindings.git' },
170 silly install resolved     main: './bindings.js',
170 silly install resolved     bugs: { url: 'https://github.com/TooTallNate/node-bindings/issues' },
170 silly install resolved     homepage: 'https://github.com/TooTallNate/node-bindings',
170 silly install resolved     license: 'MIT',
170 silly install resolved     gitHead: 'e404152ee27f8478ccbc7122ee051246e8e5ec02',
170 silly install resolved     _id: 'bindings@1.2.1',
170 silly install resolved     scripts: {},
170 silly install resolved     _shasum: '14ad6113812d2d37d72e67b4cacb4bb726505f11',
170 silly install resolved     _from: 'bindings@1.2.1',
170 silly install resolved     _npmVersion: '1.4.14',
170 silly install resolved     _npmUser: { name: 'tootallnate', email: 'nathan@tootallnate.net' },
170 silly install resolved     maintainers: [ [Object], [Object] ],
170 silly install resolved     dist:
170 silly install resolved      { shasum: '14ad6113812d2d37d72e67b4cacb4bb726505f11',
170 silly install resolved        tarball: 'https://registry.npmjs.org/bindings/-/bindings-1.2.1.tgz' },
170 silly install resolved     directories: {},
170 silly install resolved     _resolved: 'https://registry.npmjs.org/bindings/-/bindings-1.2.1.tgz',
170 silly install resolved     readme: 'ERROR: No README data found!' },
170 silly install resolved   { name: 'nan',
170 silly install resolved     version: '2.2.1',
170 silly install resolved     description: 'Native Abstractions for Node.js: C++ header for Node 0.8 -> 4 compatibility',
170 silly install resolved     main: 'include_dirs.js',
170 silly install resolved     repository: { type: 'git', url: 'git://github.com/nodejs/nan.git' },
170 silly install resolved     scripts:
170 silly install resolved      { test: 'tap --gc test/js/*-test.js',
170 silly install resolved        'rebuild-tests': 'node-gyp rebuild --msvs_version=2013 --directory test',
170 silly install resolved        docs: 'doc/.build.sh' },
170 silly install resolved     contributors:
170 silly install resolved      [ [Object],
170 silly install resolved        [Object],
170 silly install resolved        [Object],
170 silly install resolved        [Object],
170 silly install resolved        [Object],
170 silly install resolved        [Object],
170 silly install resolved        [Object] ],
170 silly install resolved     devDependencies:
170 silly install resolved      { bindings: '~1.2.1',
170 silly install resolved        commander: '^2.8.1',
170 silly install resolved        glob: '^5.0.14',
170 silly install resolved        'node-gyp': '~3.0.1',
170 silly install resolved        tap: '~0.7.1',
170 silly install resolved        xtend: '~4.0.0' },
170 silly install resolved     license: 'MIT',
170 silly install resolved     bugs: { url: 'https://github.com/nodejs/nan/issues' },
170 silly install resolved     homepage: 'https://github.com/nodejs/nan#readme',
170 silly install resolved     _id: 'nan@2.2.1',
170 silly install resolved     _shasum: 'd68693f6b34bb41d66bc68b3a4f9defc79d7149b',
170 silly install resolved     _resolved: 'https://registry.npmjs.org/nan/-/nan-2.2.1.tgz',
170 silly install resolved     _from: 'nan@2.2.1',
170 silly install resolved     _npmVersion: '3.3.6',
170 silly install resolved     _nodeVersion: '5.0.0',
170 silly install resolved     _npmUser: { name: 'kkoopa', email: 'bbyholm@abo.fi' },
170 silly install resolved     dist:
170 silly install resolved      { shasum: 'd68693f6b34bb41d66bc68b3a4f9defc79d7149b',
170 silly install resolved        tarball: 'https://registry.npmjs.org/nan/-/nan-2.2.1.tgz' },
170 silly install resolved     maintainers: [ [Object], [Object] ],
170 silly install resolved     _npmOperationalInternal:
170 silly install resolved      { host: 'packages-12-west.internal.npmjs.com',
170 silly install resolved        tmp: 'tmp/nan-2.2.1.tgz_1459265439909_0.12396649201400578' },
170 silly install resolved     directories: {},
170 silly install resolved     readme: 'ERROR: No README data found!' } ]
171 info install bindings@1.2.1 into C:\Users\olive\Documents\Learning\NodeJs (udemy) 10 projects\Code\nodeauth\node_modules\bcrypt
172 info install nan@2.2.1 into C:\Users\olive\Documents\Learning\NodeJs (udemy) 10 projects\Code\nodeauth\node_modules\bcrypt
173 info installOne bindings@1.2.1
174 verbose installOne of bindings to C:\Users\olive\Documents\Learning\NodeJs (udemy) 10 projects\Code\nodeauth\node_modules\bcrypt not in flight; installing
175 verbose correctMkdir C:\Users\olive\AppData\Roaming\npm-cache\_locks correctMkdir not in flight; initializing
176 info installOne nan@2.2.1
177 verbose installOne of nan to C:\Users\olive\Documents\Learning\NodeJs (udemy) 10 projects\Code\nodeauth\node_modules\bcrypt not in flight; installing
178 verbose correctMkdir C:\Users\olive\AppData\Roaming\npm-cache\_locks correctMkdir not in flight; initializing
179 verbose lock using C:\Users\olive\AppData\Roaming\npm-cache\_locks\bindings-4a6a9a8575e24af3.lock for C:\Users\olive\Documents\Learning\NodeJs (udemy) 10 projects\Code\nodeauth\node_modules\bcrypt\node_modules\bindings
180 verbose lock using C:\Users\olive\AppData\Roaming\npm-cache\_locks\nan-b04b0d723e3990a3.lock for C:\Users\olive\Documents\Learning\NodeJs (udemy) 10 projects\Code\nodeauth\node_modules\bcrypt\node_modules\nan
181 silly install write writing bindings 1.2.1 to C:\Users\olive\Documents\Learning\NodeJs (udemy) 10 projects\Code\nodeauth\node_modules\bcrypt\node_modules\bindings
182 silly install write writing nan 2.2.1 to C:\Users\olive\Documents\Learning\NodeJs (udemy) 10 projects\Code\nodeauth\node_modules\bcrypt\node_modules\nan
183 verbose unbuild node_modules\bcrypt\node_modules\bindings
184 verbose unbuild node_modules\bcrypt\node_modules\nan
185 silly gentlyRm C:\Users\olive\Documents\Learning\NodeJs (udemy) 10 projects\Code\nodeauth\node_modules\bcrypt\node_modules\bindings is being purged from base C:\Users\olive\Documents\Learning\NodeJs (udemy) 10 projects\Code\nodeauth
186 verbose gentlyRm don't care about contents; nuking C:\Users\olive\Documents\Learning\NodeJs (udemy) 10 projects\Code\nodeauth\node_modules\bcrypt\node_modules\bindings
187 verbose tar unpack C:\Users\olive\AppData\Roaming\npm-cache\bindings\1.2.1\package.tgz
188 verbose tar unpacking to C:\Users\olive\Documents\Learning\NodeJs (udemy) 10 projects\Code\nodeauth\node_modules\bcrypt\node_modules\bindings
189 silly gentlyRm C:\Users\olive\Documents\Learning\NodeJs (udemy) 10 projects\Code\nodeauth\node_modules\bcrypt\node_modules\bindings is being purged
190 verbose gentlyRm don't care about contents; nuking C:\Users\olive\Documents\Learning\NodeJs (udemy) 10 projects\Code\nodeauth\node_modules\bcrypt\node_modules\bindings
191 silly gentlyRm C:\Users\olive\Documents\Learning\NodeJs (udemy) 10 projects\Code\nodeauth\node_modules\bcrypt\node_modules\nan is being purged from base C:\Users\olive\Documents\Learning\NodeJs (udemy) 10 projects\Code\nodeauth
192 verbose gentlyRm don't care about contents; nuking C:\Users\olive\Documents\Learning\NodeJs (udemy) 10 projects\Code\nodeauth\node_modules\bcrypt\node_modules\nan
193 silly gunzTarPerm modes [ '777', '666' ]
194 verbose tar unpack C:\Users\olive\AppData\Roaming\npm-cache\nan\2.2.1\package.tgz
195 verbose tar unpacking to C:\Users\olive\Documents\Learning\NodeJs (udemy) 10 projects\Code\nodeauth\node_modules\bcrypt\node_modules\nan
196 silly gentlyRm C:\Users\olive\Documents\Learning\NodeJs (udemy) 10 projects\Code\nodeauth\node_modules\bcrypt\node_modules\nan is being purged
197 verbose gentlyRm don't care about contents; nuking C:\Users\olive\Documents\Learning\NodeJs (udemy) 10 projects\Code\nodeauth\node_modules\bcrypt\node_modules\nan
198 silly gunzTarPerm modes [ '777', '666' ]
199 silly gunzTarPerm extractEntry package.json
200 silly gunzTarPerm modified mode [ 'package.json', 420, 438 ]
201 silly gunzTarPerm extractEntry package.json
202 silly gunzTarPerm modified mode [ 'package.json', 436, 438 ]
203 silly gunzTarPerm extractEntry README.md
204 silly gunzTarPerm modified mode [ 'README.md', 420, 438 ]
205 silly gunzTarPerm extractEntry bindings.js
206 silly gunzTarPerm modified mode [ 'bindings.js', 420, 438 ]
207 silly gunzTarPerm extractEntry include_dirs.js
208 silly gunzTarPerm modified mode [ 'include_dirs.js', 436, 438 ]
209 silly gunzTarPerm extractEntry nan_converters.h
210 silly gunzTarPerm modified mode [ 'nan_converters.h', 436, 438 ]
211 silly gunzTarPerm extractEntry LICENSE.md
212 silly gunzTarPerm modified mode [ 'LICENSE.md', 436, 438 ]
213 silly gunzTarPerm extractEntry .dntrc
214 silly gunzTarPerm modified mode [ '.dntrc', 436, 438 ]
215 silly gunzTarPerm extractEntry appveyor.yml
216 silly gunzTarPerm modified mode [ 'appveyor.yml', 436, 438 ]
217 silly gunzTarPerm extractEntry doc/new.md
218 silly gunzTarPerm modified mode [ 'doc/new.md', 436, 438 ]
219 silly gunzTarPerm extractEntry doc/.build.sh
220 silly gunzTarPerm modified mode [ 'doc/.build.sh', 509, 511 ]
221 silly gunzTarPerm extractEntry doc/buffers.md
222 silly gunzTarPerm modified mode [ 'doc/buffers.md', 436, 438 ]
223 silly gunzTarPerm extractEntry doc/callback.md
224 silly gunzTarPerm modified mode [ 'doc/callback.md', 436, 438 ]
225 silly gunzTarPerm extractEntry doc/converters.md
226 silly gunzTarPerm modified mode [ 'doc/converters.md', 436, 438 ]
227 silly gunzTarPerm extractEntry doc/errors.md
228 silly gunzTarPerm modified mode [ 'doc/errors.md', 436, 438 ]
229 verbose write writing to C:\Users\olive\Documents\Learning\NodeJs (udemy) 10 projects\Code\nodeauth\node_modules\bcrypt\node_modules\bindings\package.json
230 silly gunzTarPerm extractEntry doc/maybe_types.md
231 silly gunzTarPerm modified mode [ 'doc/maybe_types.md', 436, 438 ]
232 silly gunzTarPerm extractEntry doc/methods.md
233 silly gunzTarPerm modified mode [ 'doc/methods.md', 436, 438 ]
234 info preinstall bindings@1.2.1
235 verbose readDependencies loading dependencies from C:\Users\olive\Documents\Learning\NodeJs (udemy) 10 projects\Code\nodeauth\node_modules\bcrypt\node_modules\bindings\package.json
236 verbose readDependencies loading dependencies from C:\Users\olive\Documents\Learning\NodeJs (udemy) 10 projects\Code\nodeauth\node_modules\bcrypt\node_modules\bindings\package.json
237 silly gunzTarPerm extractEntry doc/asyncworker.md
238 silly gunzTarPerm modified mode [ 'doc/asyncworker.md', 436, 438 ]
239 silly gunzTarPerm extractEntry doc/node_misc.md
240 silly gunzTarPerm modified mode [ 'doc/node_misc.md', 436, 438 ]
241 silly install resolved []
242 verbose about to build C:\Users\olive\Documents\Learning\NodeJs (udemy) 10 projects\Code\nodeauth\node_modules\bcrypt\node_modules\bindings
243 info build C:\Users\olive\Documents\Learning\NodeJs (udemy) 10 projects\Code\nodeauth\node_modules\bcrypt\node_modules\bindings
244 info linkStuff bindings@1.2.1
245 silly linkStuff bindings@1.2.1 has C:\Users\olive\Documents\Learning\NodeJs (udemy) 10 projects\Code\nodeauth\node_modules\bcrypt\node_modules as its parent node_modules
246 verbose linkBins bindings@1.2.1
247 verbose linkMans bindings@1.2.1
248 verbose rebuildBundles bindings@1.2.1
249 info install bindings@1.2.1
250 info postinstall bindings@1.2.1
251 verbose unlock done using C:\Users\olive\AppData\Roaming\npm-cache\_locks\bindings-4a6a9a8575e24af3.lock for C:\Users\olive\Documents\Learning\NodeJs (udemy) 10 projects\Code\nodeauth\node_modules\bcrypt\node_modules\bindings
252 silly gunzTarPerm extractEntry doc/object_wrappers.md
253 silly gunzTarPerm modified mode [ 'doc/object_wrappers.md', 436, 438 ]
254 silly gunzTarPerm extractEntry doc/persistent.md
255 silly gunzTarPerm modified mode [ 'doc/persistent.md', 436, 438 ]
256 silly gunzTarPerm extractEntry doc/scopes.md
257 silly gunzTarPerm modified mode [ 'doc/scopes.md', 436, 438 ]
258 silly gunzTarPerm extractEntry doc/script.md
259 silly gunzTarPerm modified mode [ 'doc/script.md', 436, 438 ]
260 silly gunzTarPerm extractEntry doc/string_bytes.md
261 silly gunzTarPerm modified mode [ 'doc/string_bytes.md', 436, 438 ]
262 silly gunzTarPerm extractEntry doc/v8_internals.md
263 silly gunzTarPerm modified mode [ 'doc/v8_internals.md', 436, 438 ]
264 silly gunzTarPerm extractEntry doc/v8_misc.md
265 silly gunzTarPerm modified mode [ 'doc/v8_misc.md', 436, 438 ]
266 silly gunzTarPerm extractEntry nan.h
267 silly gunzTarPerm modified mode [ 'nan.h', 436, 438 ]
268 silly gunzTarPerm extractEntry nan_callbacks.h
269 silly gunzTarPerm modified mode [ 'nan_callbacks.h', 436, 438 ]
270 silly gunzTarPerm extractEntry nan_callbacks_12_inl.h
271 silly gunzTarPerm modified mode [ 'nan_callbacks_12_inl.h', 436, 438 ]
272 silly gunzTarPerm extractEntry nan_callbacks_pre_12_inl.h
273 silly gunzTarPerm modified mode [ 'nan_callbacks_pre_12_inl.h', 436, 438 ]
274 silly gunzTarPerm extractEntry nan_converters_43_inl.h
275 silly gunzTarPerm modified mode [ 'nan_converters_43_inl.h', 436, 438 ]
276 silly gunzTarPerm extractEntry nan_converters_pre_43_inl.h
277 silly gunzTarPerm modified mode [ 'nan_converters_pre_43_inl.h', 436, 438 ]
278 silly gunzTarPerm extractEntry nan_implementation_12_inl.h
279 silly gunzTarPerm modified mode [ 'nan_implementation_12_inl.h', 436, 438 ]
280 silly gunzTarPerm extractEntry nan_implementation_pre_12_inl.h
281 silly gunzTarPerm modified mode [ 'nan_implementation_pre_12_inl.h', 436, 438 ]
282 silly gunzTarPerm extractEntry nan_maybe_43_inl.h
283 silly gunzTarPerm modified mode [ 'nan_maybe_43_inl.h', 436, 438 ]
284 silly gunzTarPerm extractEntry nan_maybe_pre_43_inl.h
285 silly gunzTarPerm modified mode [ 'nan_maybe_pre_43_inl.h', 436, 438 ]
286 silly gunzTarPerm extractEntry nan_new.h
287 silly gunzTarPerm modified mode [ 'nan_new.h', 436, 438 ]
288 silly gunzTarPerm extractEntry nan_object_wrap.h
289 silly gunzTarPerm modified mode [ 'nan_object_wrap.h', 436, 438 ]
290 silly gunzTarPerm extractEntry nan_persistent_12_inl.h
291 silly gunzTarPerm modified mode [ 'nan_persistent_12_inl.h', 436, 438 ]
292 silly gunzTarPerm extractEntry nan_persistent_pre_12_inl.h
293 silly gunzTarPerm modified mode [ 'nan_persistent_pre_12_inl.h', 436, 438 ]
294 silly gunzTarPerm extractEntry nan_string_bytes.h
295 silly gunzTarPerm modified mode [ 'nan_string_bytes.h', 436, 438 ]
296 silly gunzTarPerm extractEntry nan_typedarray_contents.h
297 silly gunzTarPerm modified mode [ 'nan_typedarray_contents.h', 436, 438 ]
298 silly gunzTarPerm extractEntry nan_weak.h
299 silly gunzTarPerm modified mode [ 'nan_weak.h', 436, 438 ]
300 silly gunzTarPerm extractEntry CHANGELOG.md
301 silly gunzTarPerm modified mode [ 'CHANGELOG.md', 436, 438 ]
302 silly gunzTarPerm extractEntry tools/package.json
303 silly gunzTarPerm modified mode [ 'tools/package.json', 436, 438 ]
304 silly gunzTarPerm extractEntry tools/README.md
305 silly gunzTarPerm modified mode [ 'tools/README.md', 436, 438 ]
306 silly gunzTarPerm extractEntry tools/1to2.js
307 silly gunzTarPerm modified mode [ 'tools/1to2.js', 509, 511 ]
308 verbose write writing to C:\Users\olive\Documents\Learning\NodeJs (udemy) 10 projects\Code\nodeauth\node_modules\bcrypt\node_modules\nan\package.json
309 info preinstall nan@2.2.1
310 verbose readDependencies loading dependencies from C:\Users\olive\Documents\Learning\NodeJs (udemy) 10 projects\Code\nodeauth\node_modules\bcrypt\node_modules\nan\package.json
311 verbose readDependencies loading dependencies from C:\Users\olive\Documents\Learning\NodeJs (udemy) 10 projects\Code\nodeauth\node_modules\bcrypt\node_modules\nan\package.json
312 silly install resolved []
313 verbose about to build C:\Users\olive\Documents\Learning\NodeJs (udemy) 10 projects\Code\nodeauth\node_modules\bcrypt\node_modules\nan
314 info build C:\Users\olive\Documents\Learning\NodeJs (udemy) 10 projects\Code\nodeauth\node_modules\bcrypt\node_modules\nan
315 info linkStuff nan@2.2.1
316 silly linkStuff nan@2.2.1 has C:\Users\olive\Documents\Learning\NodeJs (udemy) 10 projects\Code\nodeauth\node_modules\bcrypt\node_modules as its parent node_modules
317 verbose linkBins nan@2.2.1
318 verbose linkMans nan@2.2.1
319 verbose rebuildBundles nan@2.2.1
320 info install nan@2.2.1
321 info postinstall nan@2.2.1
322 verbose unlock done using C:\Users\olive\AppData\Roaming\npm-cache\_locks\nan-b04b0d723e3990a3.lock for C:\Users\olive\Documents\Learning\NodeJs (udemy) 10 projects\Code\nodeauth\node_modules\bcrypt\node_modules\nan
323 verbose about to build C:\Users\olive\Documents\Learning\NodeJs (udemy) 10 projects\Code\nodeauth\node_modules\bcrypt
324 info build C:\Users\olive\Documents\Learning\NodeJs (udemy) 10 projects\Code\nodeauth\node_modules\bcrypt
325 info linkStuff bcrypt@0.8.6
326 silly linkStuff bcrypt@0.8.6 has C:\Users\olive\Documents\Learning\NodeJs (udemy) 10 projects\Code\nodeauth\node_modules as its parent node_modules
327 verbose linkBins bcrypt@0.8.6
328 verbose linkMans bcrypt@0.8.6
329 verbose rebuildBundles bcrypt@0.8.6
330 verbose rebuildBundles [ 'bindings', 'nan' ]
331 info install bcrypt@0.8.6
332 verbose unsafe-perm in lifecycle true
333 info bcrypt@0.8.6 Failed to exec install script
334 verbose unlock done using C:\Users\olive\AppData\Roaming\npm-cache\_locks\bcrypt-dffd576fca374788.lock for C:\Users\olive\Documents\Learning\NodeJs (udemy) 10 projects\Code\nodeauth\node_modules\bcrypt
335 verbose stack Error: bcrypt@0.8.6 install: `node-gyp rebuild`
335 verbose stack Exit status 1
335 verbose stack     at EventEmitter.<anonymous> (C:\Program Files\nodejs\node_modules\npm\lib\utils\lifecycle.js:217:16)
335 verbose stack     at emitTwo (events.js:87:13)
335 verbose stack     at EventEmitter.emit (events.js:172:7)
335 verbose stack     at ChildProcess.<anonymous> (C:\Program Files\nodejs\node_modules\npm\lib\utils\spawn.js:24:14)
335 verbose stack     at emitTwo (events.js:87:13)
335 verbose stack     at ChildProcess.emit (events.js:172:7)
335 verbose stack     at maybeClose (internal/child_process.js:827:16)
335 verbose stack     at Process.ChildProcess._handle.onexit (internal/child_process.js:211:5)
336 verbose pkgid bcrypt@0.8.6
337 verbose cwd C:\Users\olive\Documents\Learning\NodeJs (udemy) 10 projects\Code\nodeauth
338 error Windows_NT 10.0.10586
339 error argv "C:\\Program Files\\nodejs\\node.exe" "C:\\Program Files\\nodejs\\node_modules\\npm\\bin\\npm-cli.js" "install" "bcrypt"
340 error node v4.4.4
341 error npm  v2.15.1
342 error code ELIFECYCLE
343 error bcrypt@0.8.6 install: `node-gyp rebuild`
343 error Exit status 1
344 error Failed at the bcrypt@0.8.6 install script 'node-gyp rebuild'.
344 error This is most likely a problem with the bcrypt package,
344 error not with npm itself.
344 error Tell the author that this fails on your system:
344 error     node-gyp rebuild
344 error You can get information on how to open an issue for this project with:
344 error     npm bugs bcrypt
344 error Or if that isn't available, you can get their info via:
344 error
344 error     npm owner ls bcrypt
344 error There is likely additional logging output above.
345 verbose exit [ 1, true ]
346 verbose unbuild node_modules\bcrypt
347 info preuninstall bcrypt@0.8.6
348 info uninstall bcrypt@0.8.6
349 verbose unbuild rmStuff bcrypt@0.8.6 from C:\Users\olive\Documents\Learning\NodeJs (udemy) 10 projects\Code\nodeauth\node_modules
350 info postuninstall bcrypt@0.8.6
351 silly gentlyRm C:\Users\olive\Documents\Learning\NodeJs (udemy) 10 projects\Code\nodeauth\node_modules\bcrypt is being purged from base C:\Users\olive\Documents\Learning\NodeJs (udemy) 10 projects\Code\nodeauth
352 verbose gentlyRm don't care about contents; nuking C:\Users\olive\Documents\Learning\NodeJs (udemy) 10 projects\Code\nodeauth\node_modules\bcrypt
353 silly vacuum-fs purging C:\Users\olive\Documents\Learning\NodeJs (udemy) 10 projects\Code\nodeauth\node_modules\bcrypt
354 silly vacuum-fs quitting because other entries in C:\Users\olive\Documents\Learning\NodeJs (udemy) 10 projects\Code\nodeauth\node_modules
